<?xml version="1.0" encoding="UTF-8"?>
<!-- Generated by org.testng.reporters.JUnitXMLReporter -->
<testsuite ignored="3" hostname="DESKTOP-I4L6GH3" failures="0" tests="2" name="PirmasTestasPositive" time="22.132" errors="0" timestamp="2022-11-08T19:40:44 EET">
  <testcase classname="testai.tests" name="regPositive" time="11.126"/>
  <testcase classname="testai.tests" name="loginPage" time="1.279"/>
  <testcase classname="testai.tests" name="loginPageOut" time="0.0">
    <ignored/>
  </testcase> <!-- loginPageOut -->
  <testcase classname="testai.tests" name="regNegative" time="0.0">
    <ignored/>
  </testcase> <!-- regNegative -->
  <testcase classname="testai.tests" name="loginPageNeg" time="0.0">
    <ignored/>
  </testcase> <!-- loginPageNeg -->
</testsuite> <!-- PirmasTestasPositive -->
