<?xml version="1.0" encoding="UTF-8"?>
<!-- Generated by org.testng.reporters.JUnitXMLReporter -->
<testsuite ignored="4" hostname="DESKTOP-I4L6GH3" failures="0" tests="1" name="TreciasTestasAtsijungimas" time="13.132" errors="0" timestamp="2022-11-08T19:41:21 EET">
  <testcase classname="testai.tests" name="loginPageOut" time="2.495"/>
  <testcase classname="testai.tests" name="loginPage" time="0.0">
    <ignored/>
  </testcase> <!-- loginPage -->
  <testcase classname="testai.tests" name="loginPageNeg" time="0.0">
    <ignored/>
  </testcase> <!-- loginPageNeg -->
  <testcase classname="testai.tests" name="regPositive" time="0.0">
    <ignored/>
  </testcase> <!-- regPositive -->
  <testcase classname="testai.tests" name="regNegative" time="0.0">
    <ignored/>
  </testcase> <!-- regNegative -->
</testsuite> <!-- TreciasTestasAtsijungimas -->
